<?xml version="1.0" encoding="UTF-8"?>
<!-- Generated by org.testng.reporters.JUnitReportReporter -->
<testsuite ignored="0" hostname="gowtham" failures="0" tests="1" name="com.practice.testcases.LoginTest" time="0.347" errors="0" timestamp="20 Jul 2020 12:30:18 GMT" skipped="0">
  <testcase classname="com.practice.testcases.LoginTest" name="login" time="0.347"/>
</testsuite> <!-- com.practice.testcases.LoginTest -->
