<?xml version="1.0" encoding="UTF-8"?>
<!-- Generated by org.testng.reporters.JUnitReportReporter -->
<testsuite ignored="0" hostname="gowtham" failures="0" tests="2" name="com.practice.testcases.AddCustomerLoginTest" time="8.543" errors="0" timestamp="15 Jul 2020 11:05:06 GMT" skipped="0">
  <testcase classname="com.practice.testcases.AddCustomerLoginTest" name="addCustomers" time="4.214"/>
  <testcase classname="com.practice.testcases.AddCustomerLoginTest" name="addCustomers" time="4.329"/>
</testsuite> <!-- com.practice.testcases.AddCustomerLoginTest -->
