<?xml version="1.0" encoding="UTF-8"?>
<!-- Generated by org.testng.reporters.JUnitReportReporter -->
<testsuite ignored="0" hostname="gowtham" failures="0" tests="1" name="com.practice.testcases.AddCustomerLoginTest" time="2.750" errors="0" timestamp="13 Jul 2020 12:10:13 GMT" skipped="0">
  <testcase classname="com.practice.testcases.AddCustomerLoginTest" name="addCustomers" time="2.750"/>
</testsuite> <!-- com.practice.testcases.AddCustomerLoginTest -->
