<?xml version="1.0" encoding="UTF-8"?>
<!-- Generated by org.testng.reporters.JUnitReportReporter -->
<testsuite ignored="0" hostname="gowtham" failures="0" tests="4" name="com.practice.testcases.AddCustomerLoginTest" time="16.403" errors="0" timestamp="16 Jul 2020 13:35:12 GMT" skipped="0">
  <testcase classname="com.practice.testcases.AddCustomerLoginTest" name="addCustomers" time="3.707"/>
  <testcase classname="com.practice.testcases.AddCustomerLoginTest" name="addCustomers" time="4.955"/>
  <testcase classname="com.practice.testcases.AddCustomerLoginTest" name="addCustomers" time="3.972"/>
  <testcase classname="com.practice.testcases.AddCustomerLoginTest" name="addCustomers" time="3.769"/>
</testsuite> <!-- com.practice.testcases.AddCustomerLoginTest -->
