<?xml version="1.0" encoding="UTF-8"?>
<!-- Generated by org.testng.reporters.JUnitReportReporter -->
<testsuite ignored="0" hostname="gowtham" failures="0" tests="1" name="com.practice.testcases.Customer" time="2.810" errors="0" timestamp="16 Jul 2020 14:04:09 GMT" skipped="0">
  <testcase classname="com.practice.testcases.Customer" name="CustomerCheck" time="2.810"/>
</testsuite> <!-- com.practice.testcases.Customer -->
