<?xml version="1.0" encoding="UTF-8"?>
<!-- Generated by org.testng.reporters.JUnitReportReporter -->
<testsuite name="com.practice.rough.TestProperties" tests="1" time="0.005" ignored="2" failures="0" timestamp="01 Jun 2020 05:23:56 GMT" skipped="0" hostname="gowtham" errors="0">
  <testcase name="test" time="0.005" classname="com.practice.rough.TestProperties"/>
  <testcase name="tearDown" classname="com.practice.base.TestBase">
    <skipped/>
  </testcase> <!-- tearDown -->
  <testcase name="setUp" classname="com.practice.base.TestBase">
    <skipped/>
  </testcase> <!-- setUp -->
</testsuite> <!-- com.practice.rough.TestProperties -->
