<?xml version="1.0" encoding="UTF-8"?>
<!-- Generated by org.testng.reporters.JUnitReportReporter -->
<testsuite ignored="0" hostname="gowtham" failures="0" tests="1" name="com.practice.testcases.LoginTest" time="0.286" errors="0" timestamp="22 Jul 2020 06:36:00 GMT" skipped="0">
  <testcase classname="com.practice.testcases.LoginTest" name="login" time="0.286"/>
</testsuite> <!-- com.practice.testcases.LoginTest -->
