<?xml version="1.0" encoding="UTF-8"?>
<!-- Generated by org.testng.reporters.JUnitReportReporter -->
<testsuite ignored="0" hostname="gowtham" failures="0" tests="2" name="com.practice.testcases.AddCustomerLoginTest" time="12.526" errors="0" timestamp="14 Jul 2020 06:48:17 GMT" skipped="0">
  <testcase classname="com.practice.testcases.AddCustomerLoginTest" name="addCustomers" time="6.642"/>
  <testcase classname="com.practice.testcases.AddCustomerLoginTest" name="addCustomers" time="5.884"/>
</testsuite> <!-- com.practice.testcases.AddCustomerLoginTest -->
