<?xml version="1.0" encoding="UTF-8"?>
<!-- Generated by org.testng.reporters.JUnitReportReporter -->
<testsuite ignored="0" hostname="gowtham" failures="0" tests="1" name="com.practice.testcases.AddCustomer" time="10.732" errors="0" timestamp="20 Jul 2020 12:30:18 GMT" skipped="0">
  <testcase classname="com.practice.testcases.AddCustomer" name="addCustomers" time="10.732"/>
</testsuite> <!-- com.practice.testcases.AddCustomer -->
