<?xml version="1.0" encoding="UTF-8"?>
<!-- Generated by org.testng.reporters.JUnitReportReporter -->
<testsuite name="com.practice.testcases.LoginTest" tests="1" time="0.390" ignored="0" failures="0" timestamp="01 Jun 2020 05:25:56 GMT" skipped="0" hostname="gowtham" errors="0">
  <testcase name="login" time="0.390" classname="com.practice.testcases.LoginTest"/>
</testsuite> <!-- com.practice.testcases.LoginTest -->
