<?xml version="1.0" encoding="UTF-8"?>
<!-- Generated by org.testng.reporters.JUnitReportReporter -->
<testsuite ignored="0" hostname="gowtham" failures="0" tests="5" name="com.practice.testcases.AddCustomerLoginTest" time="20.128" errors="0" timestamp="16 Jul 2020 07:54:55 GMT" skipped="0">
  <testcase classname="com.practice.testcases.AddCustomerLoginTest" name="addCustomers" time="3.831"/>
  <testcase classname="com.practice.testcases.AddCustomerLoginTest" name="openAccount" time="2.953"/>
  <testcase classname="com.practice.testcases.AddCustomerLoginTest" name="addCustomers" time="4.187"/>
  <testcase classname="com.practice.testcases.AddCustomerLoginTest" name="addCustomers" time="5.316"/>
  <testcase classname="com.practice.testcases.AddCustomerLoginTest" name="addCustomers" time="3.841"/>
</testsuite> <!-- com.practice.testcases.AddCustomerLoginTest -->
