<?xml version="1.0" encoding="UTF-8"?>
<!-- Generated by org.testng.reporters.JUnitReportReporter -->
<testsuite ignored="0" hostname="gowtham" failures="0" tests="4" name="com.practice.testcases.AddCustomer" time="16.810" errors="0" timestamp="16 Jul 2020 14:04:09 GMT" skipped="0">
  <testcase classname="com.practice.testcases.AddCustomer" name="addCustomers" time="4.407"/>
  <testcase classname="com.practice.testcases.AddCustomer" name="addCustomers" time="4.344"/>
  <testcase classname="com.practice.testcases.AddCustomer" name="addCustomers" time="4.241"/>
  <testcase classname="com.practice.testcases.AddCustomer" name="addCustomers" time="3.818"/>
</testsuite> <!-- com.practice.testcases.AddCustomer -->
