<?xml version="1.0" encoding="UTF-8"?>
<!-- Generated by org.testng.reporters.JUnitReportReporter -->
<testsuite ignored="0" hostname="gowtham" failures="0" tests="1" name="com.practice.testcases.CustomerLogin" time="4.138" errors="0" timestamp="27 Jul 2020 11:34:18 GMT" skipped="0">
  <testcase classname="com.practice.testcases.CustomerLogin" name="customerLoginPage" time="4.138"/>
</testsuite> <!-- com.practice.testcases.CustomerLogin -->
