<?xml version="1.0" encoding="UTF-8"?>
<!-- Generated by org.testng.reporters.JUnitReportReporter -->
<testsuite name="com.practice.rough.TestProperties" tests="1" time="0.070" ignored="0" failures="0" timestamp="27 May 2020 07:36:33 GMT" skipped="0" hostname="gowtham" errors="0">
  <testcase name="test" time="0.070" classname="com.practice.rough.TestProperties"/>
</testsuite> <!-- com.practice.rough.TestProperties -->
