<?xml version="1.0" encoding="UTF-8"?>
<!-- Generated by org.testng.reporters.JUnitReportReporter -->
<testsuite ignored="0" hostname="gowtham" failures="0" tests="2" name="com.practice.testcases.AddCustomerLoginTest" time="9.337" errors="0" timestamp="15 Jul 2020 13:28:27 GMT" skipped="0">
  <testcase classname="com.practice.testcases.AddCustomerLoginTest" name="addCustomers" time="5.172"/>
  <testcase classname="com.practice.testcases.AddCustomerLoginTest" name="addCustomers" time="4.165"/>
</testsuite> <!-- com.practice.testcases.AddCustomerLoginTest -->
